<?xml version="1.0" encoding="UTF-8"?>
<!-- Generated by org.testng.reporters.JUnitReportReporter -->
<testsuite hostname="LAPTOP-9NLUQRTP" failures="0" tests="1" name="testCases.TC_001_AccountRegistrationTest" time="4.706" errors="0" timestamp="2022-12-31T18:18:30 IST" skipped="0">
  <testcase classname="testCases.TC_001_AccountRegistrationTest" name="test_account_Registration" time="4.706"/>
  <system-out/>
</testsuite> <!-- testCases.TC_001_AccountRegistrationTest -->
